     1                                  SECTION .bss
     2 00000000 <res 00000050>          	answer: RESB 80
     3                                  
     4                                  SECTION .data 
     5                                  
     6 00000000 D09FD0BED0BBD0B4D0-     	question: DB 'Полдень наступил?'
     6 00000009 B5D0BDD18C20D0BDD0-
     6 00000012 B0D181D182D183D0BF-
     6 0000001B D0B8D0BB3F         
     7                                  	questionLen: EQU $-question
     8 00000020 D094D0BED0B1D180D0-     	morning: DB 'Доброе утро!'
     8 00000029 BED0B520D183D182D1-
     8 00000032 80D0BE21           
     9                                  	morningLen: EQU $-morning
    10 00000036 D094D0BED0B1D180D1-     	day: DB 'Добрый день!'
    10 0000003F 8BD0B920D0B4D0B5D0-
    10 00000048 BDD18C21           
    11                                  	dayLen: EQU $-day
    12                                  
    13                                  SECTION .text
    14                                  
    15                                  GLOBAL _start
    16                                  
    17                                  _start:
    18 00000000 B804000000              	mov eax, 4
    19 00000005 BB01000000              	mov ebx, 1
    20 0000000A B9[00000000]            	mov ecx, question
    21 0000000F BA20000000              	mov edx, questionLen
    22 00000014 CD80                    	int 80h
    23                                  	
    24 00000016 B803000000              	mov eax, 3
    25 0000001B BB00000000              	mov ebx, 0
    26 00000020 B9[00000000]            	mov ecx, answer
    27 00000025 BA50000000              	mov edx, 80
    28 0000002A CD80                    	int 80h
    29                                  	
    30 0000002C 803C25[00000000]79      	cmp byte[answer], 'y'
    31 00000034 740C                    	je _showDay
    32 00000036 803C25[00000000]6E      	cmp byte[answer], 'n'
    33 0000003E 741A                    	je _showMorning
    34                                  
    35 00000040 EBBE                    	jmp _start
    36                                  
    37                                  _showDay: 
    38 00000042 B804000000              	mov eax, 4
    39 00000047 BB01000000              	mov ebx, 1
    40 0000004C B9[36000000]             	mov ecx, day
    41 00000051 BA16000000              	mov edx, dayLen
    42 00000056 CD80                    	int 80h
    43 00000058 EB18                    	jmp end
    44                                  
    45                                  _showMorning:
    46 0000005A B804000000              	mov eax, 4
    47 0000005F BB01000000              	mov ebx, 1
    48 00000064 B9[20000000]             	mov ecx, morning
    49 00000069 BA16000000              	mov edx, morningLen
    50 0000006E CD80                    	int 80h
    51 00000070 EB00                    	jmp end
    52                                  end: 
    53 00000072 B801000000              	mov eax, 1
    54 00000077 BB00000000              	mov ebx, 0
    55 0000007C CD80                    	int 80h
